\BOOKMARK [1][-]{section.1}{\376\377\000I\000n\000t\000r\000o\000d\000u\000c\000t\000i\000o\000n}{}% 1
\BOOKMARK [1][-]{section.2}{\376\377\000P\000r\000e\000r\000e\000q\000u\000i\000s\000i\000t\000e\000s}{}% 2
\BOOKMARK [1][-]{section.3}{\376\377\000F\000l\000o\000w\000\040\000M\000e\000t\000h\000o\000d}{}% 3
\BOOKMARK [2][-]{subsection.3.1}{\376\377\000D\000y\000n\000a\000m\000i\000c\000a\000l\000\040\000T\000-\000e\000q\000u\000a\000t\000i\000o\000n}{section.3}% 4
\BOOKMARK [2][-]{subsection.3.2}{\376\377\000S\000t\000o\000p\000p\000i\000n\000g\000\040\000t\000i\000m\000e}{section.3}% 5
\BOOKMARK [1][-]{section.4}{\376\377\000Q\000u\000a\000n\000t\000u\000m\000\040\000D\000i\000f\000f\000u\000s\000i\000o\000n\000\040\000a\000n\000d\000\040\000D\000e\000l\000o\000c\000a\000l\000i\000z\000a\000t\000i\000o\000n}{}% 6
\BOOKMARK [2][-]{subsection.4.1}{\376\377\000Q\000u\000a\000n\000t\000u\000m\000\040\000D\000i\000f\000f\000u\000s\000i\000o\000n}{section.4}% 7
\BOOKMARK [2][-]{subsection.4.2}{\376\377\000D\000e\000l\000o\000c\000a\000l\000i\000z\000a\000t\000i\000o\000n}{section.4}% 8
\BOOKMARK [1][-]{section.5}{\376\377\000R\000e\000s\000o\000l\000v\000e\000n\000t\000\040\000E\000s\000t\000i\000m\000a\000t\000e\000s\000\040}{}% 9
\BOOKMARK [2][-]{subsection.5.1}{\376\377\000O\000f\000f\000-\000d\000i\000a\000g\000o\000n\000a\000l\000\040\000G\000x\000y\000\040\000e\000s\000t\000i\000m\000a\000t\000e}{section.5}% 10
\BOOKMARK [2][-]{subsection.5.2}{\376\377\000D\000i\000a\000g\000o\000n\000a\000l\000\040\000|\000G\000x\000x\000-\000m\000\050\000z\000\051\000|\000\040\000e\000s\000t\000i\000m\000a\000t\000e}{section.5}% 11
\BOOKMARK [1][-]{section.6}{\376\377\000B\000o\000u\000n\000d\000s\000\040\000o\000n\000\040\000F\000l\000o\000w\000\040\000T\000e\000r\000m\000s}{}% 12
\BOOKMARK [2][-]{subsection.6.1}{\376\377\000E\000s\000t\000i\000m\000a\000t\000e\000\040\000f\000o\000r\000\040\000E\000t\000D\000,\000\040\000s\000t\000o\000p\000\050\000z\000\051}{section.6}% 13
\BOOKMARK [2][-]{subsection.6.2}{\376\377\000E\000s\000t\000i\000m\000a\000t\000e\000\040\000f\000o\000r\000\040\000E\000t\000M\000,\000\040\000s\000t\000o\000p\000\050\000z\000\051}{section.6}% 14
\BOOKMARK [2][-]{subsection.6.3}{\376\377\000E\000s\000t\000i\000m\000a\000t\000e\000\040\000f\000o\000r\000\040\000E\000t\000S\000,\000\040\000s\000t\000o\000p\000\050\000z\000\051}{section.6}% 15
\BOOKMARK [1][-]{section.7}{\376\377\000N\000o\000n\000-\000G\000a\000u\000s\000s\000i\000a\000n\000\040\000c\000a\000s\000e}{}% 16
\BOOKMARK [2][-]{subsection.7.1}{\376\377\000L\000i\000n\000d\000e\000b\000e\000r\000g\000\040\000e\000x\000c\000h\000a\000n\000g\000e\000\040\000s\000t\000r\000a\000t\000e\000g\000y}{section.7}% 17
\BOOKMARK [2][-]{subsection.7.2}{\376\377\000F\000o\000u\000r\000\040\000M\000o\000m\000e\000n\000t\000\040\000T\000h\000e\000o\000r\000e\000m\000\040\000f\000o\000r\000\040\000G\000r\000e\000e\000n\000'\000s\000\040\000f\000u\000n\000c\000t\000i\000o\000n}{section.7}% 18
\BOOKMARK [2][-]{subsection.7.3}{\376\377\000R\000e\000s\000u\000l\000t}{section.7}% 19
\BOOKMARK [1][-]{section.8}{\376\377\000A\000p\000p\000e\000n\000d\000i\000x}{}% 20
